   9 closure-library/closure/goog/promise/promise.d.ts
   7 closure-library/closure/goog/fx/dom.d.ts
   6 closure-library/closure/goog/testing/performancetimer.d.ts
   5 closure-library/closure/goog/html/safehtml.d.ts
   3 closure-library/closure/goog/structs/set.d.ts
   3 closure-library/closure/goog/structs/collection.d.ts
   3 closure-library/closure/goog/promise/thenable.d.ts
   3 closure-library/closure/goog/labs/net/image.d.ts
   3 closure-library/closure/goog/iter/iter.d.ts
   3 closure-library/closure/goog/dom/classlist.d.ts
   3 closure-library/closure/goog/datasource/fastdatanode.d.ts
   2 closure-library/closure/goog/net/browserchannel.d.ts
   2 closure-library/closure/goog/editor/plugins/undoredo.d.ts
   2 closure-library/closure/goog/a11y/aria/aria.d.ts
   1 closure-library/third_party/closure/goog/mochikit/async/deferred.d.ts
   1 closure-library/closure/goog/ui/twothumbslider.d.ts
   1 closure-library/closure/goog/ui/tree/treenode.d.ts
   1 closure-library/closure/goog/ui/tree/treecontrol.d.ts
   1 closure-library/closure/goog/ui/tree/basenode.d.ts
   1 closure-library/closure/goog/ui/textarearenderer.d.ts
   1 closure-library/closure/goog/ui/select.d.ts
   1 closure-library/closure/goog/ui/popup.d.ts
   1 closure-library/closure/goog/ui/paletterenderer.d.ts
   1 closure-library/closure/goog/ui/nativebuttonrenderer.d.ts
   1 closure-library/closure/goog/ui/menuitem.d.ts
   1 closure-library/closure/goog/ui/menubase.d.ts
   1 closure-library/closure/goog/ui/menu.d.ts
   1 closure-library/closure/goog/ui/emoji/emojipaletterenderer.d.ts
   1 closure-library/closure/goog/ui/colormenubuttonrenderer.d.ts
   1 closure-library/closure/goog/ui/abstractspellchecker.d.ts
   1 closure-library/closure/goog/testing/recordfunction.d.ts
   1 closure-library/closure/goog/testing/events/events.d.ts
   1 closure-library/closure/goog/testing/continuationtestcase.d.ts
   1 closure-library/closure/goog/testing/asserts.d.ts
   1 closure-library/closure/goog/structs/linkedmap.d.ts
   1 closure-library/closure/goog/storage/mechanism/errorhandlingmechanism.d.ts
   1 closure-library/closure/goog/soy/renderer.d.ts
   1 closure-library/closure/goog/result/result_interface.d.ts
   1 closure-library/closure/goog/net/xpc/nixtransport.d.ts
   1 closure-library/closure/goog/net/xpc/nativemessagingtransport.d.ts
   1 closure-library/closure/goog/net/xpc/iframerelaytransport.d.ts
   1 closure-library/closure/goog/net/xpc/iframepollingtransport.d.ts
   1 closure-library/closure/goog/net/xpc/frameelementmethodtransport.d.ts
   1 closure-library/closure/goog/net/filedownloader.d.ts
   1 closure-library/closure/goog/net/cookies.d.ts
   1 closure-library/closure/goog/labs/mock/mock.d.ts
   1 closure-library/closure/goog/i18n/compactnumberformatsymbols_ext.d.ts
   1 closure-library/closure/goog/graphics/vmlgraphics.d.ts
   1 closure-library/closure/goog/graphics/vmlelement.d.ts
   1 closure-library/closure/goog/graphics/svggraphics.d.ts
   1 closure-library/closure/goog/graphics/svgelement.d.ts
   1 closure-library/closure/goog/graphics/ext/strokeandfillelement.d.ts
   1 closure-library/closure/goog/graphics/ext/image.d.ts
   1 closure-library/closure/goog/graphics/ext/group.d.ts
   1 closure-library/closure/goog/graphics/ext/graphics.d.ts
   1 closure-library/closure/goog/graphics/canvasgraphics.d.ts
   1 closure-library/closure/goog/graphics/canvaselement.d.ts
   1 closure-library/closure/goog/fx/css3/transition.d.ts
   1 closure-library/closure/goog/fx/animation.d.ts
   1 closure-library/closure/goog/functions/functions.d.ts
   1 closure-library/closure/goog/events/eventtargettester.d.ts
   1 closure-library/closure/goog/events/actioneventwrapper.d.ts
   1 closure-library/closure/goog/editor/plugins/linkbubble.d.ts
   1 closure-library/closure/goog/editor/plugins/firststrong.d.ts
   1 closure-library/closure/goog/editor/plugins/blockquote.d.ts
   1 closure-library/closure/goog/editor/plugins/abstractbubbleplugin.d.ts
   1 closure-library/closure/goog/editor/contenteditablefield.d.ts
   1 closure-library/closure/goog/debug/tracer.d.ts
   1 closure-library/closure/goog/debug/logger.d.ts
   1 closure-library/closure/goog/debug/gcdiagnostics.d.ts
   1 closure-library/closure/goog/debug/error.d.ts
   1 closure-library/closure/goog/db/transaction.d.ts
   1 closure-library/closure/goog/db/indexeddb.d.ts
   1 closure-library/closure/goog/db/error.d.ts
   1 closure-library/closure/goog/datasource/xmldatasource.d.ts
   1 closure-library/closure/goog/datasource/jsxmlhttpdatasource.d.ts
   1 closure-library/closure/goog/datasource/jsdatasource.d.ts
   1 closure-library/closure/goog/datasource/datamanager.d.ts
   1 closure-library/closure/goog/cssom/iframe/style.d.ts
   1 closure-library/closure/goog/crypt/sha2_64bit.d.ts
